<?xml version="1.0" encoding="UTF-8"?>
<Site BuildName="(empty)"
	BuildStamp="20231019-1609-Experimental"
	Name="(empty)"
	Generator="ctest-3.25.1"
	CompilerName=""
	CompilerVersion=""
	OSName="Linux"
	Hostname="NEIKPC"
	OSRelease="6.2.0-34-generic"
	OSVersion="#34-Ubuntu SMP PREEMPT_DYNAMIC Mon Sep  4 13:06:55 UTC 2023"
	OSPlatform="x86_64"
	Is64Bits="1"
	VendorString="AuthenticAMD"
	VendorID="Advanced Micro Devices"
	FamilyID="25"
	ModelID="68"
	ProcessorCacheSize="512"
	NumberOfLogicalCPU="16"
	NumberOfPhysicalCPU="8"
	TotalVirtualMemory="2047"
	TotalPhysicalMemory="15160"
	LogicalProcessorsPerPhysical="2"
	ProcessorClockFrequency="3193.78"
	>
	<Testing>
		<StartDateTime>Oct 19 23:09 +07</StartDateTime>
		<StartTestTime>1697731792</StartTestTime>
		<TestList/>
		<EndDateTime>Oct 19 23:09 +07</EndDateTime>
		<EndTestTime>1697731792</EndTestTime>
		<ElapsedMinutes>0</ElapsedMinutes>
	</Testing>
</Site>
